<?xml version="1.0" encoding="UTF-8"?>
<!-- Generated by org.testng.reporters.JUnitReportReporter -->
<testsuite hostname="DESKTOP-5EVK54D" failures="0" tests="1" name="apprunner.LoginRunner" time="0.602" errors="0" timestamp="2023-01-25T08:40:14 IST" skipped="0">
  <testcase classname="apprunner.LoginRunner" name="runScenario" time="0.602"/>
  <system-out/>
</testsuite> <!-- apprunner.LoginRunner -->
