<?xml version="1.0" encoding="UTF-8"?>
<!-- Generated by org.testng.reporters.JUnitReportReporter -->
<testsuite hostname="DESKTOP-5EVK54D" failures="0" tests="3" name="apprunner.ScenarioOutRunner" time="1.261" errors="0" timestamp="2023-01-26T08:17:15 IST" skipped="0">
  <testcase classname="apprunner.ScenarioOutRunner" name="runScenario" time="0.198"/>
  <system-out/>
  <testcase classname="apprunner.ScenarioOutRunner" name="runScenario" time="0.147"/>
  <system-out/>
  <testcase classname="apprunner.ScenarioOutRunner" name="runScenario" time="0.916"/>
  <system-out/>
</testsuite> <!-- apprunner.ScenarioOutRunner -->
