<?xml version="1.0" encoding="UTF-8"?>
<!-- Generated by org.testng.reporters.JUnitReportReporter -->
<testsuite hostname="DESKTOP-5EVK54D" failures="0" tests="3" name="apprunner.OrdersRunner" time="0.973" errors="0" timestamp="2023-01-24T08:28:52 IST" skipped="0">
  <testcase classname="apprunner.OrdersRunner" name="runScenario" time="0.159"/>
  <system-out/>
  <testcase classname="apprunner.OrdersRunner" name="runScenario" time="0.725"/>
  <system-out/>
  <testcase classname="apprunner.OrdersRunner" name="runScenario" time="0.089"/>
  <system-out/>
</testsuite> <!-- apprunner.OrdersRunner -->
