<?xml version="1.0" encoding="UTF-8"?>
<!-- Generated by org.testng.reporters.JUnitReportReporter -->
<testsuite hostname="DESKTOP-5EVK54D" failures="0" tests="2" name="apprunner.ProfileRunner" time="0.632" errors="0" timestamp="2023-01-25T08:12:46 IST" skipped="0">
  <testcase classname="apprunner.ProfileRunner" name="runScenario" time="0.082"/>
  <system-out/>
  <testcase classname="apprunner.ProfileRunner" name="runScenario" time="0.550"/>
  <system-out/>
</testsuite> <!-- apprunner.ProfileRunner -->
