<?xml version="1.0" encoding="UTF-8"?>
<!-- Generated by org.testng.reporters.JUnitReportReporter -->
<testsuite hostname="DESKTOP-5EVK54D" failures="0" tests="1" name="apprunner.LoginRunner" time="0.378" errors="0" timestamp="2023-01-23T08:49:39 IST" skipped="0">
  <testcase classname="apprunner.LoginRunner" name="runScenario" time="0.378"/>
  <system-out/>
</testsuite> <!-- apprunner.LoginRunner -->
